<?xml version="1.0" encoding="UTF-8"?>
<testsuite xmlns:xsi="http://www.w3.org/2001/XMLSchema-instance" xsi:noNamespaceSchemaLocation="https://maven.apache.org/surefire/maven-surefire-plugin/xsd/surefire-test-report.xsd" version="3.0.2" name="com.example.ques_new.QuesNewApplicationTests" time="3.411" tests="1" errors="0" skipped="0" failures="0">
  <properties>
[...]
</properties>
  <testcase name="contextLoads" classname="com.example.ques_new.QuesNewApplicationTests" time="0.855">
    <system-out><![CDATA[15:20:20.770 [main] INFO org.springframework.test.context.support.AnnotationConfigContextLoaderUtils -- Could not detect default configuration classes for test class [com.example.ques_new.QuesNewApplicationTests]: QuesNewApplicationTests does not declare any static, non-private, non-final, nested classes annotated with @Configuration.
15:20:21.015 [main] INFO org.springframework.boot.test.context.SpringBootTestContextBootstrapper -- Found @SpringBootConfiguration com.example.ques_new.QuesNewApplication for test class com.example.ques_new.QuesNewApplicationTests

  .   ____          _            __ _ _
 /\\ / ___'_ __ _ _(_)_ __  __ _ \ \ \ \
( ( )\___ | '_ | '_| | '_ \/ _` | \ \ \ \
 \\/  ___)| |_)| | | | | || (_| |  ) ) ) )
  '  |____| .__|_| |_|_| |_\__, | / / / /
 =========|_|==============|___/=/_/_/_/

 :: Spring Boot ::                (v4.0.1)

2025-12-30T15:20:21.567+08:00  INFO 12492 --- [ques_new] [           main] c.e.ques_new.QuesNewApplicationTests     : Starting QuesNewApplicationTests using Java 25 with PID 12492 (started by ZhuanZ（无密码） in C:\Users\ZhuanZ\IdeaProjects\ques_new)
2025-12-30T15:20:21.572+08:00  INFO 12492 --- [ques_new] [           main] c.e.ques_new.QuesNewApplicationTests     : No active profile set, falling back to 1 default profile: "default"
2025-12-30T15:20:22.675+08:00  INFO 12492 --- [ques_new] [           main] o.s.b.w.a.WelcomePageHandlerMapping      : Adding welcome page template: index
2025-12-30T15:20:23.083+08:00  INFO 12492 --- [ques_new] [           main] c.e.ques_new.QuesNewApplicationTests     : Started QuesNewApplicationTests in 1.829 seconds (process running for 3.907)
]]></system-out>
    <system-err><![CDATA[Mockito is currently self-attaching to enable the inline-mock-maker. This will no longer work in future releases of the JDK. Please add Mockito as an agent to your build as described in Mockito's documentation: https://javadoc.io/doc/org.mockito/mockito-core/latest/org.mockito/org/mockito/Mockito.html#0.3
WARNING: A Java agent has been loaded dynamically (C:\Users\ZhuanZ\.m2\repository\net\bytebuddy\byte-buddy-agent\1.17.8\byte-buddy-agent-1.17.8.jar)
WARNING: If a serviceability tool is in use, please run with -XX:+EnableDynamicAgentLoading to hide this warning
WARNING: If a serviceability tool is not in use, please run with -Djdk.instrument.traceUsage for more information
WARNING: Dynamic loading of agents will be disallowed by default in a future release
]]></system-err>
  </testcase>
</testsuite>